<?xml version="1.0" encoding="UTF-8"?>
<!-- Generated by org.testng.reporters.JUnitReportReporter -->
<testsuite skipped="0" hostname="admin-PC" name="testcases.Tc_001" tests="1" failures="0" timestamp="17 Nov 2017 07:50:58 GMT" time="5.797" errors="0">
  <testcase name="testcase1" time="5.797" classname="testcases.Tc_001"/>
</testsuite> <!-- testcases.Tc_001 -->
